1PROGRAM  L O G F T  VERSION 7.2a AS OF 20-Mar-2001.




                                                                                                  28-Mar-2001
 205TL    205HG B- DECAY                1971HI01                  93NDS    199310
 205HG  P 0            1/2-             5.2 M     1               1534     5     
 205TL  N 0.022     10           1        1.0                                    
 205TL  L 0            1/2+                                                      
0
0        TRANSITION(KEV)=    1534  5, T1/2(SEC)=         312  6, BRANCHING(%)=    96.8 15, PARTIAL T1/2(SEC)=         322  8
                    LOG PARTIAL T1/2 =   2.508     11
                    E= 1534.00     LOG F0= 2.755+- 0.005
 LOG F0T =  5.263+- 0.012     F0T= 0.18333E+06
+                                                  AVERAGE BETA(+-) ENERGY=  540.80+-  2.043    EBAR/E =  0.3525

0205TL  B              96.8   15            5.266 12                                  OLD CARD
 205TL  B              96.8   15            5.263 12                                       NEW CARD
 205TLS B EAV=540.8 21                                                                     NEW CARD
 205TLS B EAV=542.0 21                                                           
+                                                                                                    CHECK OLD SECOND CARD
0
 205TL  L    203.750 9 3/2+             1.46 NS   8                              
0
0        TRANSITION(KEV)=    1330  5, T1/2(SEC)=         312  6, BRANCHING(%)=     3.2 13, PARTIAL T1/2(SEC)=       1.0E4  4
                    LOG PARTIAL T1/2 =    3.99     18
                    E= 1330.25     LOG F0= 2.527+- 0.006
 LOG F0T =  6.516+- 0.177     F0T= 0.32774E+07
+                                                  AVERAGE BETA(+-) ENERGY=  458.36+-  2.002    EBAR/E =  0.3446

0205TL  B              3.2    13            6.52  18                                  OLD CARD
 205TL  B              3.2    13            6.52  18                                       NEW CARD
 205TLS B EAV=458.4 20                                                                     NEW CARD
 205TLS B EAV=459.6 20                                                           
+                                                                                                    CHECK OLD SECOND CARD
0
 205TL  L      619.3 3 5/2+                                                      
0
0        TRANSITION(KEV)=     915  5, T1/2(SEC)=         312  6, BRANCHING(%)=   0.015  7, PARTIAL T1/2(SEC)=       2.1E6 10
                    LOG PARTIAL T1/2 =    6.32     21
                                             FIRST-FORBIDDEN-UNIQUE
                     LOG(F1/F0) =  0.446 FOR BETAS, + OR -
                    E=  914.70     LOG F1= 2.389+- 0.012
 LOG F1T =  8.707+- 0.203     F1T= 0.50890E+09
+                                                  AVERAGE BETA(+-) ENERGY=  297.53+-  1.768    EBAR/E =  0.3253

0205TL  B              0.015  7             8.71  21                          1U      OLD CARD
 205TL  B              0.015  7             8.71  21                          1U           NEW CARD
 205TLS B EAV=297.5 18                                                                     NEW CARD
 205TLS B EAV=298.6 18                                                           
+                                                                                                    CHECK OLD SECOND CARD
0
 205TL  L     1140.9 5 3/2+                                                      
0
0        TRANSITION(KEV)=     393  5, T1/2(SEC)=         312  6, BRANCHING(%)=  0.0037 16, PARTIAL T1/2(SEC)=        8.E6  4
                    LOG PARTIAL T1/2 =    6.93     19
                    E=  393.10     LOG F0= 0.704+- 0.018
 LOG F0T =  7.630+- 0.189     F0T= 0.42622E+08
+                                                  AVERAGE BETA(+-) ENERGY=  113.26+-  1.616    EBAR/E =  0.2881

0205TL  B              0.0037 16            7.64  19                                  OLD CARD
 205TL  B              0.0037 16            7.63  19                                       NEW CARD
 205TLS B EAV=113.3 17                                                                     NEW CARD
 205TLS B EAV=114.2 17                                                           
+                                                                                                    CHECK OLD SECOND CARD
0
 205TL  L     1218.7 4 1/2+                                                      
0
0        TRANSITION(KEV)=     315  5, T1/2(SEC)=         312  6, BRANCHING(%)=   0.007  4, PARTIAL T1/2(SEC)=        4.E6  3
                    LOG PARTIAL T1/2 =    6.65     25
                    E=  315.30     LOG F0= 0.394+- 0.022
 LOG F0T =  7.043+- 0.249     F0T= 0.11033E+08
+                                                  AVERAGE BETA(+-) ENERGY=   88.72+-  1.555    EBAR/E =  0.2814

0205TL  B              0.007  4             7.06  25                                  OLD CARD
 205TL  B              0.007  4             7.04  25                                       NEW CARD
 205TLS B EAV=88.7 16                                                                      NEW CARD
 205TLS B EAV=89.6 16                                                            
+                                                                                                    CHECK OLD SECOND CARD
0
 205TL  L     1340.4 5 3/2+                                                      
0
0        TRANSITION(KEV)=     194  5, T1/2(SEC)=         312  6, BRANCHING(%)=   0.006  3, PARTIAL T1/2(SEC)=        5.E6  3
                    LOG PARTIAL T1/2 =    6.72     22
                    E=  193.60     LOG F0=-0.278+- 0.036
 LOG F0T =  6.438+- 0.220     F0T= 0.27401E+07
+                                                  AVERAGE BETA(+-) ENERGY=   52.26+-  1.455    EBAR/E =  0.2699

0205TL  B              0.006  3             6.46  22                                  OLD CARD
 205TL  B              0.006  3             6.44  22                                       NEW CARD
 205TLS B EAV=52.3 15                                                                      NEW CARD
 205TLS B EAV=53.1 15                                                            
+                                                                                                    CHECK OLD SECOND CARD
0
 205TL  L     1434.0 5  1/2+                                                     
0
0        TRANSITION(KEV)=     100  5, T1/2(SEC)=         312  6, BRANCHING(%)=   0.005  3, PARTIAL T1/2(SEC)=        6.E6  4
                    LOG PARTIAL T1/2 =    6.80     23
                    E=  100.00     LOG F0=-1.168+- 0.069
 LOG F0T =  5.636+- 0.232     F0T= 0.43293E+06
+                                                  AVERAGE BETA(+-) ENERGY=   26.03+-  1.365    EBAR/E =  0.2603

0205TL  B              0.0049 25            5.68  24                                  OLD CARD
 205TL  B              0.0049 25            5.64  24                                       NEW CARD
 205TLS B EAV=26.0 14                                                                      NEW CARD
 205TLS B EAV=26.8 14                                                            
+                                                                                                    CHECK OLD SECOND CARD
0
0  ALL PROBLEMS COMPLETED
